app/build/intermediates/manifest_merge_blame_file/release/manifest-merger-blame-release-report.txt
1<?xml version="1.0" encoding="utf-8"?>
2<manifest xmlns:android="http://schemas.android.com/apk/res/android"
3    package="com.binar.ccgameandprofile"
4    android:versionCode="1"
5    android:versionName="1.0" >
6
7    <uses-sdk
8        android:minSdkVersion="23"
8-->src/main/AndroidManifest.xml
9        android:targetSdkVersion="30" />
9-->src/main/AndroidManifest.xml
10
11    <uses-permission android:name="android.permission.VIBRATE" />
11-->src/main/AndroidManifest.xml:5:5-66
11-->src/main/AndroidManifest.xml:5:22-63
12
13    <application
13-->src/main/AndroidManifest.xml:7:5-31:19
14        android:allowBackup="true"
14-->src/main/AndroidManifest.xml:8:9-35
15        android:appComponentFactory="androidx.core.app.CoreComponentFactory"
15-->[androidx.core:core:1.3.1] AndroidManifest.xml:24:18-86
16        android:extractNativeLibs="false"
17        android:icon="@mipmap/ic_launcher"
17-->src/main/AndroidManifest.xml:9:9-43
18        android:label="@string/app_name"
18-->src/main/AndroidManifest.xml:10:9-41
19        android:roundIcon="@mipmap/ic_launcher_round"
19-->src/main/AndroidManifest.xml:11:9-54
20        android:supportsRtl="true"
20-->src/main/AndroidManifest.xml:12:9-35
21        android:theme="@style/AppTheme" >
21-->src/main/AndroidManifest.xml:13:9-40
22        <activity android:name="com.binar.ccgameandprofile.activity.Profile" />
22-->src/main/AndroidManifest.xml:14:9-54
22-->src/main/AndroidManifest.xml:14:19-51
23        <activity android:name="com.binar.ccgameandprofile.activity.Menu" />
23-->src/main/AndroidManifest.xml:15:9-51
23-->src/main/AndroidManifest.xml:15:19-48
24        <activity android:name="com.binar.ccgameandprofile.activity.Login" />
24-->src/main/AndroidManifest.xml:16:9-52
24-->src/main/AndroidManifest.xml:16:19-49
25        <activity android:name="com.binar.ccgameandprofile.activity.Intro" />
25-->src/main/AndroidManifest.xml:17:9-52
25-->src/main/AndroidManifest.xml:17:19-49
26        <activity android:name="com.binar.ccgameandprofile.activity.Splash" >
26-->src/main/AndroidManifest.xml:18:9-24:20
26-->src/main/AndroidManifest.xml:18:19-50
27            <intent-filter>
27-->src/main/AndroidManifest.xml:19:13-23:29
28                <action android:name="android.intent.action.MAIN" />
28-->src/main/AndroidManifest.xml:20:17-69
28-->src/main/AndroidManifest.xml:20:25-66
29
30                <category android:name="android.intent.category.LAUNCHER" />
30-->src/main/AndroidManifest.xml:22:17-77
30-->src/main/AndroidManifest.xml:22:27-74
31            </intent-filter>
32        </activity>
33        <activity android:name="com.binar.ccgameandprofile.activity.VsComputer" />
33-->src/main/AndroidManifest.xml:25:9-57
33-->src/main/AndroidManifest.xml:25:19-54
34        <activity android:name="com.binar.ccgameandprofile.activity.VsSahabat" />
34-->src/main/AndroidManifest.xml:26:9-56
34-->src/main/AndroidManifest.xml:26:19-53
35
36        <meta-data
36-->src/main/AndroidManifest.xml:28:9-30:57
37            android:name="preloaded_fonts"
37-->src/main/AndroidManifest.xml:29:13-43
38            android:resource="@array/preloaded_fonts" />
38-->src/main/AndroidManifest.xml:30:13-54
39    </application>
40
41</manifest>